{"/Users/dreamer/Documents/hr/ghrbld11/product-overview/src/components/App.jsx": {"path":"/Users/dreamer/Documents/hr/ghrbld11/product-overview/src/components/App.jsx","statementMap":{"0":{"start":{"line":4,"column":12},"end":{"line":8,"column":1}},"1":{"start":{"line":5,"column":2},"end":{"line":7,"column":8}}},"fnMap":{"0":{"name":"(anonymous_0)","decl":{"start":{"line":4,"column":12},"end":{"line":4,"column":13}},"loc":{"start":{"line":5,"column":2},"end":{"line":7,"column":8}},"line":5}},"branchMap":{},"s":{"0":1,"1":1},"f":{"0":1},"b":{},"_coverageSchema":"1a1c01bbd47fc00a2c39e90264f33305004495a9","hash":"28d65c7844576e78260ea6d7403bff26fa5cf7d8"}
,"/Users/dreamer/Documents/hr/ghrbld11/product-overview/src/components/Header.jsx": {"path":"/Users/dreamer/Documents/hr/ghrbld11/product-overview/src/components/Header.jsx","statementMap":{"0":{"start":{"line":7,"column":2},"end":{"line":13,"column":3}}},"fnMap":{"0":{"name":"Header","decl":{"start":{"line":5,"column":24},"end":{"line":5,"column":30}},"loc":{"start":{"line":5,"column":34},"end":{"line":14,"column":1}},"line":5}},"branchMap":{},"s":{"0":1},"f":{"0":1},"b":{},"_coverageSchema":"1a1c01bbd47fc00a2c39e90264f33305004495a9","hash":"8415313a47c73d74ced3a6cac256bbe68b2d9bda"}
}
