{"/Users/dreamer/Documents/hr/ghrbld11/product-overview/src/components/App.jsx": {"path":"/Users/dreamer/Documents/hr/ghrbld11/product-overview/src/components/App.jsx","statementMap":{"0":{"start":{"line":4,"column":12},"end":{"line":8,"column":1}},"1":{"start":{"line":5,"column":2},"end":{"line":7,"column":8}}},"fnMap":{"0":{"name":"(anonymous_0)","decl":{"start":{"line":4,"column":12},"end":{"line":4,"column":13}},"loc":{"start":{"line":5,"column":2},"end":{"line":7,"column":8}},"line":5}},"branchMap":{},"s":{"0":1,"1":1},"f":{"0":1},"b":{},"_coverageSchema":"1a1c01bbd47fc00a2c39e90264f33305004495a9","hash":"28d65c7844576e78260ea6d7403bff26fa5cf7d8"}
,"/Users/dreamer/Documents/hr/ghrbld11/product-overview/src/components/Header.jsx": {"path":"/Users/dreamer/Documents/hr/ghrbld11/product-overview/src/components/Header.jsx","statementMap":{"0":{"start":{"line":8,"column":18},"end":{"line":36,"column":3}},"1":{"start":{"line":8,"column":41},"end":{"line":36,"column":1}},"2":{"start":{"line":39,"column":18},"end":{"line":39,"column":29}},"3":{"start":{"line":41,"column":2},"end":{"line":59,"column":3}}},"fnMap":{"0":{"name":"(anonymous_0)","decl":{"start":{"line":8,"column":29},"end":{"line":8,"column":30}},"loc":{"start":{"line":8,"column":41},"end":{"line":36,"column":1}},"line":8},"1":{"name":"Header","decl":{"start":{"line":38,"column":24},"end":{"line":38,"column":30}},"loc":{"start":{"line":38,"column":34},"end":{"line":60,"column":1}},"line":38}},"branchMap":{},"s":{"0":2,"1":1,"2":1,"3":1},"f":{"0":1,"1":1},"b":{},"_coverageSchema":"1a1c01bbd47fc00a2c39e90264f33305004495a9","hash":"98f63b54555c3e7cb293cb0d64be7ee75b5b7b80"}
}
